android/app/build/outputs/logs/manifest-merger-debug-report.txt
-- Merging decision tree log ---
manifest
ADDED from src/main/AndroidManifest.xml:2:1-27:12
INJECTED from src/main/AndroidManifest.xml:2:1-27:12
INJECTED from src/main/AndroidManifest.xml:2:1-27:12
INJECTED from src/main/AndroidManifest.xml:2:1-27:12
MERGED from [androidx.compose.ui:ui-tooling:1.0.0-beta01] AndroidManifest.xml:17:1-30:12
MERGED from [androidx.activity:activity-compose:1.3.0-alpha03] AndroidManifest.xml:17:1-24:12
MERGED from [androidx.activity:activity-ktx:1.3.0-alpha03] AndroidManifest.xml:17:1-24:12
MERGED from [androidx.core:core-ktx:1.3.2] AndroidManifest.xml:2:1-9:12
MERGED from [androidx.compose.material:material:1.0.0-beta01] AndroidManifest.xml:17:1-24:12
MERGED from [androidx.lifecycle:lifecycle-viewmodel-compose:1.0.0-alpha02] AndroidManifest.xml:17:1-24:12
MERGED from [androidx.compose.material:material-ripple:1.0.0-beta01] AndroidManifest.xml:17:1-24:12
MERGED from [androidx.compose.foundation:foundation:1.0.0-beta01] AndroidManifest.xml:17:1-24:12
MERGED from [androidx.compose.material:material-icons-core:1.0.0-beta01] AndroidManifest.xml:17:1-24:12
MERGED from [androidx.compose.animation:animation:1.0.0-beta01] AndroidManifest.xml:17:1-24:12
MERGED from [androidx.compose.foundation:foundation-layout:1.0.0-beta01] AndroidManifest.xml:17:1-24:12
MERGED from [androidx.compose.ui:ui-tooling-data:1.0.0-beta01] AndroidManifest.xml:17:1-28:12
MERGED from [androidx.compose.ui:ui:1.0.0-beta01] AndroidManifest.xml:17:1-24:12
MERGED from [androidx.compose.animation:animation-core:1.0.0-beta01] AndroidManifest.xml:17:1-24:12
MERGED from [androidx.compose.ui:ui-text:1.0.0-beta01] AndroidManifest.xml:17:1-24:12
MERGED from [androidx.compose.runtime:runtime-saveable:1.0.0-beta01] AndroidManifest.xml:17:1-24:12
MERGED from [androidx.compose.ui:ui-graphics:1.0.0-beta01] AndroidManifest.xml:17:1-24:12
MERGED from [androidx.compose.ui:ui-unit:1.0.0-beta01] AndroidManifest.xml:17:1-24:12
MERGED from [androidx.compose.ui:ui-geometry:1.0.0-beta01] AndroidManifest.xml:17:1-24:12
MERGED from [androidx.compose.ui:ui-util:1.0.0-beta01] AndroidManifest.xml:17:1-24:12
MERGED from [androidx.compose.runtime:runtime:1.0.0-beta01] AndroidManifest.xml:17:1-24:12
MERGED from [androidx.lifecycle:lifecycle-runtime-ktx:2.3.0] AndroidManifest.xml:17:1-24:12
MERGED from [androidx.lifecycle:lifecycle-viewmodel-ktx:2.3.0] AndroidManifest.xml:17:1-24:12
MERGED from [androidx.savedstate:savedstate-ktx:1.1.0] AndroidManifest.xml:17:1-24:12
MERGED from [com.google.android.material:material:1.3.0] AndroidManifest.xml:17:1-24:12
MERGED from [androidx.constraintlayout:constraintlayout:2.0.1] AndroidManifest.xml:2:1-11:12
MERGED from [androidx.appcompat:appcompat:1.3.0-beta01] AndroidManifest.xml:17:1-24:12
MERGED from [androidx.cardview:cardview:1.0.0] AndroidManifest.xml:17:1-22:12
MERGED from [androidx.coordinatorlayout:coordinatorlayout:1.1.0] AndroidManifest.xml:17:1-24:12
MERGED from [androidx.transition:transition:1.2.0] AndroidManifest.xml:17:1-24:12
MERGED from [androidx.appcompat:appcompat-resources:1.3.0-beta01] AndroidManifest.xml:17:1-24:12
MERGED from [androidx.vectordrawable:vectordrawable-animated:1.1.0] AndroidManifest.xml:17:1-24:12
MERGED from [androidx.vectordrawable:vectordrawable:1.1.0] AndroidManifest.xml:17:1-24:12
MERGED from [androidx.viewpager2:viewpager2:1.0.0] AndroidManifest.xml:17:1-24:12
MERGED from [androidx.fragment:fragment:1.3.0] AndroidManifest.xml:17:1-24:12
MERGED from [androidx.dynamicanimation:dynamicanimation:1.0.0] AndroidManifest.xml:17:1-22:12
MERGED from [androidx.autofill:autofill:1.0.0] AndroidManifest.xml:17:1-24:12
MERGED from [androidx.recyclerview:recyclerview:1.1.0] AndroidManifest.xml:17:1-24:12
MERGED from [androidx.viewpager:viewpager:1.0.0] AndroidManifest.xml:17:1-22:12
MERGED from [androidx.drawerlayout:drawerlayout:1.0.0] AndroidManifest.xml:17:1-22:12
MERGED from [androidx.customview:customview:1.0.0] AndroidManifest.xml:17:1-22:12
MERGED from [androidx.legacy:legacy-support-core-utils:1.0.0] AndroidManifest.xml:17:1-22:12
MERGED from [androidx.loader:loader:1.0.0] AndroidManifest.xml:17:1-22:12
MERGED from [androidx.activity:activity:1.3.0-alpha03] AndroidManifest.xml:17:1-24:12
MERGED from [androidx.core:core:1.5.0-beta01] AndroidManifest.xml:17:1-26:12
MERGED from [androidx.lifecycle:lifecycle-runtime:2.3.0] AndroidManifest.xml:17:1-24:12
MERGED from [androidx.versionedparcelable:versionedparcelable:1.1.0] AndroidManifest.xml:17:1-27:12
MERGED from [androidx.lifecycle:lifecycle-viewmodel-savedstate:2.3.0] AndroidManifest.xml:17:1-24:12
MERGED from [androidx.lifecycle:lifecycle-viewmodel:2.3.0] AndroidManifest.xml:17:1-24:12
MERGED from [androidx.savedstate:savedstate:1.1.0] AndroidManifest.xml:17:1-24:12
MERGED from [androidx.cursoradapter:cursoradapter:1.0.0] AndroidManifest.xml:17:1-22:12
MERGED from [androidx.lifecycle:lifecycle-livedata:2.0.0] AndroidManifest.xml:17:1-22:12
MERGED from [androidx.lifecycle:lifecycle-livedata-core:2.3.0] AndroidManifest.xml:17:1-24:12
MERGED from [androidx.arch.core:core-runtime:2.1.0] AndroidManifest.xml:17:1-24:12
MERGED from [androidx.test.ext:junit-ktx:1.1.2] AndroidManifest.xml:17:1-24:12
MERGED from [androidx.test.ext:junit:1.1.2] AndroidManifest.xml:17:1-24:12
MERGED from [androidx.test:core:1.3.0] AndroidManifest.xml:17:1-50:12
MERGED from [androidx.documentfile:documentfile:1.0.0] AndroidManifest.xml:17:1-22:12
MERGED from [androidx.localbroadcastmanager:localbroadcastmanager:1.0.0] AndroidManifest.xml:17:1-22:12
MERGED from [androidx.print:print:1.0.0] AndroidManifest.xml:17:1-22:12
MERGED from [androidx.tracing:tracing:1.0.0] AndroidManifest.xml:17:1-24:12
MERGED from [androidx.test:monitor:1.3.0] AndroidManifest.xml:17:1-24:12
MERGED from [androidx.interpolator:interpolator:1.0.0] AndroidManifest.xml:17:1-22:12
MERGED from [androidx.annotation:annotation-experimental:1.0.0] AndroidManifest.xml:17:1-24:12
INJECTED from src/main/AndroidManifest.xml:2:1-27:12
INJECTED from src/main/AndroidManifest.xml:2:1-27:12
INJECTED from src/main/AndroidManifest.xml:2:1-27:12
	package
		ADDED from src/main/AndroidManifest.xml:3:5-44
		INJECTED from src/main/AndroidManifest.xml
		INJECTED from src/main/AndroidManifest.xml
	android:versionName
		INJECTED from src/main/AndroidManifest.xml
		ADDED from src/main/AndroidManifest.xml:2:1-27:12
		INJECTED from src/main/AndroidManifest.xml
	android:versionCode
		INJECTED from src/main/AndroidManifest.xml
		ADDED from src/main/AndroidManifest.xml:2:1-27:12
		INJECTED from src/main/AndroidManifest.xml
	xmlns:android
		ADDED from src/main/AndroidManifest.xml:2:11-69
uses-permission#android.permission.INTERNET
ADDED from src/main/AndroidManifest.xml:5:5-67
	android:name
		ADDED from src/main/AndroidManifest.xml:5:22-64
application
ADDED from src/main/AndroidManifest.xml:7:5-25:19
MERGED from [androidx.compose.ui:ui-tooling:1.0.0-beta01] AndroidManifest.xml:24:5-28:19
MERGED from [androidx.compose.ui:ui-tooling:1.0.0-beta01] AndroidManifest.xml:24:5-28:19
MERGED from [androidx.compose.ui:ui-tooling-data:1.0.0-beta01] AndroidManifest.xml:24:5-26:19
MERGED from [androidx.compose.ui:ui-tooling-data:1.0.0-beta01] AndroidManifest.xml:24:5-26:19
MERGED from [com.google.android.material:material:1.3.0] AndroidManifest.xml:22:5-20
MERGED from [com.google.android.material:material:1.3.0] AndroidManifest.xml:22:5-20
MERGED from [androidx.constraintlayout:constraintlayout:2.0.1] AndroidManifest.xml:9:5-20
MERGED from [androidx.constraintlayout:constraintlayout:2.0.1] AndroidManifest.xml:9:5-20
MERGED from [androidx.core:core:1.5.0-beta01] AndroidManifest.xml:24:5-89
MERGED from [androidx.core:core:1.5.0-beta01] AndroidManifest.xml:24:5-89
MERGED from [androidx.versionedparcelable:versionedparcelable:1.1.0] AndroidManifest.xml:24:5-25:19
MERGED from [androidx.versionedparcelable:versionedparcelable:1.1.0] AndroidManifest.xml:24:5-25:19
MERGED from [androidx.test:core:1.3.0] AndroidManifest.xml:26:5-48:19
MERGED from [androidx.test:core:1.3.0] AndroidManifest.xml:26:5-48:19
	android:appComponentFactory
		ADDED from [androidx.core:core:1.5.0-beta01] AndroidManifest.xml:24:18-86
	android:supportsRtl
		ADDED from src/main/AndroidManifest.xml:12:9-35
	android:label
		ADDED from src/main/AndroidManifest.xml:10:9-41
	android:roundIcon
		ADDED from src/main/AndroidManifest.xml:11:9-54
	android:icon
		ADDED from src/main/AndroidManifest.xml:9:9-43
	android:allowBackup
		ADDED from src/main/AndroidManifest.xml:8:9-35
	android:theme
		ADDED from src/main/AndroidManifest.xml:14:9-45
	android:usesCleartextTraffic
		ADDED from src/main/AndroidManifest.xml:13:9-44
activity#com.eazzyapps.example.android.MainActivity
ADDED from src/main/AndroidManifest.xml:15:9-24:20
	android:label
		ADDED from src/main/AndroidManifest.xml:17:13-45
	android:theme
		ADDED from src/main/AndroidManifest.xml:18:13-61
	android:name
		ADDED from src/main/AndroidManifest.xml:16:13-41
intent-filter#action:name:android.intent.action.MAIN+category:name:android.intent.category.LAUNCHER
ADDED from src/main/AndroidManifest.xml:19:13-23:29
action#android.intent.action.MAIN
ADDED from src/main/AndroidManifest.xml:20:17-69
	android:name
		ADDED from src/main/AndroidManifest.xml:20:25-66
category#android.intent.category.LAUNCHER
ADDED from src/main/AndroidManifest.xml:22:17-77
	android:name
		ADDED from src/main/AndroidManifest.xml:22:27-74
uses-sdk
INJECTED from src/main/AndroidManifest.xml reason: use-sdk injection requested
INJECTED from src/main/AndroidManifest.xml
INJECTED from src/main/AndroidManifest.xml
MERGED from [androidx.compose.ui:ui-tooling:1.0.0-beta01] AndroidManifest.xml:20:5-22:41
MERGED from [androidx.compose.ui:ui-tooling:1.0.0-beta01] AndroidManifest.xml:20:5-22:41
MERGED from [androidx.activity:activity-compose:1.3.0-alpha03] AndroidManifest.xml:20:5-22:41
MERGED from [androidx.activity:activity-compose:1.3.0-alpha03] AndroidManifest.xml:20:5-22:41
MERGED from [androidx.activity:activity-ktx:1.3.0-alpha03] AndroidManifest.xml:20:5-22:41
MERGED from [androidx.activity:activity-ktx:1.3.0-alpha03] AndroidManifest.xml:20:5-22:41
MERGED from [androidx.core:core-ktx:1.3.2] AndroidManifest.xml:5:5-7:41
MERGED from [androidx.core:core-ktx:1.3.2] AndroidManifest.xml:5:5-7:41
MERGED from [androidx.compose.material:material:1.0.0-beta01] AndroidManifest.xml:20:5-22:41
MERGED from [androidx.compose.material:material:1.0.0-beta01] AndroidManifest.xml:20:5-22:41
MERGED from [androidx.lifecycle:lifecycle-viewmodel-compose:1.0.0-alpha02] AndroidManifest.xml:20:5-22:41
MERGED from [androidx.lifecycle:lifecycle-viewmodel-compose:1.0.0-alpha02] AndroidManifest.xml:20:5-22:41
MERGED from [androidx.compose.material:material-ripple:1.0.0-beta01] AndroidManifest.xml:20:5-22:41
MERGED from [androidx.compose.material:material-ripple:1.0.0-beta01] AndroidManifest.xml:20:5-22:41
MERGED from [androidx.compose.foundation:foundation:1.0.0-beta01] AndroidManifest.xml:20:5-22:41
MERGED from [androidx.compose.foundation:foundation:1.0.0-beta01] AndroidManifest.xml:20:5-22:41
MERGED from [androidx.compose.material:material-icons-core:1.0.0-beta01] AndroidManifest.xml:20:5-22:41
MERGED from [androidx.compose.material:material-icons-core:1.0.0-beta01] AndroidManifest.xml:20:5-22:41
MERGED from [androidx.compose.animation:animation:1.0.0-beta01] AndroidManifest.xml:20:5-22:41
MERGED from [androidx.compose.animation:animation:1.0.0-beta01] AndroidManifest.xml:20:5-22:41
MERGED from [androidx.compose.foundation:foundation-layout:1.0.0-beta01] AndroidManifest.xml:20:5-22:41
MERGED from [androidx.compose.foundation:foundation-layout:1.0.0-beta01] AndroidManifest.xml:20:5-22:41
MERGED from [androidx.compose.ui:ui-tooling-data:1.0.0-beta01] AndroidManifest.xml:20:5-22:41
MERGED from [androidx.compose.ui:ui-tooling-data:1.0.0-beta01] AndroidManifest.xml:20:5-22:41
MERGED from [androidx.compose.ui:ui:1.0.0-beta01] AndroidManifest.xml:20:5-22:41
MERGED from [androidx.compose.ui:ui:1.0.0-beta01] AndroidManifest.xml:20:5-22:41
MERGED from [androidx.compose.animation:animation-core:1.0.0-beta01] AndroidManifest.xml:20:5-22:41
MERGED from [androidx.compose.animation:animation-core:1.0.0-beta01] AndroidManifest.xml:20:5-22:41
MERGED from [androidx.compose.ui:ui-text:1.0.0-beta01] AndroidManifest.xml:20:5-22:41
MERGED from [androidx.compose.ui:ui-text:1.0.0-beta01] AndroidManifest.xml:20:5-22:41
MERGED from [androidx.compose.runtime:runtime-saveable:1.0.0-beta01] AndroidManifest.xml:20:5-22:41
MERGED from [androidx.compose.runtime:runtime-saveable:1.0.0-beta01] AndroidManifest.xml:20:5-22:41
MERGED from [androidx.compose.ui:ui-graphics:1.0.0-beta01] AndroidManifest.xml:20:5-22:41
MERGED from [androidx.compose.ui:ui-graphics:1.0.0-beta01] AndroidManifest.xml:20:5-22:41
MERGED from [androidx.compose.ui:ui-unit:1.0.0-beta01] AndroidManifest.xml:20:5-22:41
MERGED from [androidx.compose.ui:ui-unit:1.0.0-beta01] AndroidManifest.xml:20:5-22:41
MERGED from [androidx.compose.ui:ui-geometry:1.0.0-beta01] AndroidManifest.xml:20:5-22:41
MERGED from [androidx.compose.ui:ui-geometry:1.0.0-beta01] AndroidManifest.xml:20:5-22:41
MERGED from [androidx.compose.ui:ui-util:1.0.0-beta01] AndroidManifest.xml:20:5-22:41
MERGED from [androidx.compose.ui:ui-util:1.0.0-beta01] AndroidManifest.xml:20:5-22:41
MERGED from [androidx.compose.runtime:runtime:1.0.0-beta01] AndroidManifest.xml:20:5-22:41
MERGED from [androidx.compose.runtime:runtime:1.0.0-beta01] AndroidManifest.xml:20:5-22:41
MERGED from [androidx.lifecycle:lifecycle-runtime-ktx:2.3.0] AndroidManifest.xml:20:5-22:41
MERGED from [androidx.lifecycle:lifecycle-runtime-ktx:2.3.0] AndroidManifest.xml:20:5-22:41
MERGED from [androidx.lifecycle:lifecycle-viewmodel-ktx:2.3.0] AndroidManifest.xml:20:5-22:41
MERGED from [androidx.lifecycle:lifecycle-viewmodel-ktx:2.3.0] AndroidManifest.xml:20:5-22:41
MERGED from [androidx.savedstate:savedstate-ktx:1.1.0] AndroidManifest.xml:20:5-22:41
MERGED from [androidx.savedstate:savedstate-ktx:1.1.0] AndroidManifest.xml:20:5-22:41
MERGED from [com.google.android.material:material:1.3.0] AndroidManifest.xml:20:5-44
MERGED from [com.google.android.material:material:1.3.0] AndroidManifest.xml:20:5-44
MERGED from [androidx.constraintlayout:constraintlayout:2.0.1] AndroidManifest.xml:5:5-7:41
MERGED from [androidx.constraintlayout:constraintlayout:2.0.1] AndroidManifest.xml:5:5-7:41
MERGED from [androidx.appcompat:appcompat:1.3.0-beta01] AndroidManifest.xml:20:5-22:41
MERGED from [androidx.appcompat:appcompat:1.3.0-beta01] AndroidManifest.xml:20:5-22:41
MERGED from [androidx.cardview:cardview:1.0.0] AndroidManifest.xml:20:5-44
MERGED from [androidx.cardview:cardview:1.0.0] AndroidManifest.xml:20:5-44
MERGED from [androidx.coordinatorlayout:coordinatorlayout:1.1.0] AndroidManifest.xml:20:5-22:41
MERGED from [androidx.coordinatorlayout:coordinatorlayout:1.1.0] AndroidManifest.xml:20:5-22:41
MERGED from [androidx.transition:transition:1.2.0] AndroidManifest.xml:20:5-22:41
MERGED from [androidx.transition:transition:1.2.0] AndroidManifest.xml:20:5-22:41
MERGED from [androidx.appcompat:appcompat-resources:1.3.0-beta01] AndroidManifest.xml:20:5-22:41
MERGED from [androidx.appcompat:appcompat-resources:1.3.0-beta01] AndroidManifest.xml:20:5-22:41
MERGED from [androidx.vectordrawable:vectordrawable-animated:1.1.0] AndroidManifest.xml:20:5-22:41
MERGED from [androidx.vectordrawable:vectordrawable-animated:1.1.0] AndroidManifest.xml:20:5-22:41
MERGED from [androidx.vectordrawable:vectordrawable:1.1.0] AndroidManifest.xml:20:5-22:41
MERGED from [androidx.vectordrawable:vectordrawable:1.1.0] AndroidManifest.xml:20:5-22:41
MERGED from [androidx.viewpager2:viewpager2:1.0.0] AndroidManifest.xml:20:5-22:41
MERGED from [androidx.viewpager2:viewpager2:1.0.0] AndroidManifest.xml:20:5-22:41
MERGED from [androidx.fragment:fragment:1.3.0] AndroidManifest.xml:20:5-22:41
MERGED from [androidx.fragment:fragment:1.3.0] AndroidManifest.xml:20:5-22:41
MERGED from [androidx.dynamicanimation:dynamicanimation:1.0.0] AndroidManifest.xml:20:5-44
MERGED from [androidx.dynamicanimation:dynamicanimation:1.0.0] AndroidManifest.xml:20:5-44
MERGED from [androidx.autofill:autofill:1.0.0] AndroidManifest.xml:20:5-22:41
MERGED from [androidx.autofill:autofill:1.0.0] AndroidManifest.xml:20:5-22:41
MERGED from [androidx.recyclerview:recyclerview:1.1.0] AndroidManifest.xml:20:5-22:41
MERGED from [androidx.recyclerview:recyclerview:1.1.0] AndroidManifest.xml:20:5-22:41
MERGED from [androidx.viewpager:viewpager:1.0.0] AndroidManifest.xml:20:5-44
MERGED from [androidx.viewpager:viewpager:1.0.0] AndroidManifest.xml:20:5-44
MERGED from [androidx.drawerlayout:drawerlayout:1.0.0] AndroidManifest.xml:20:5-44
MERGED from [androidx.drawerlayout:drawerlayout:1.0.0] AndroidManifest.xml:20:5-44
MERGED from [androidx.customview:customview:1.0.0] AndroidManifest.xml:20:5-44
MERGED from [androidx.customview:customview:1.0.0] AndroidManifest.xml:20:5-44
MERGED from [androidx.legacy:legacy-support-core-utils:1.0.0] AndroidManifest.xml:20:5-44
MERGED from [androidx.legacy:legacy-support-core-utils:1.0.0] AndroidManifest.xml:20:5-44
MERGED from [androidx.loader:loader:1.0.0] AndroidManifest.xml:20:5-44
MERGED from [androidx.loader:loader:1.0.0] AndroidManifest.xml:20:5-44
MERGED from [androidx.activity:activity:1.3.0-alpha03] AndroidManifest.xml:20:5-22:41
MERGED from [androidx.activity:activity:1.3.0-alpha03] AndroidManifest.xml:20:5-22:41
MERGED from [androidx.core:core:1.5.0-beta01] AndroidManifest.xml:20:5-22:41
MERGED from [androidx.core:core:1.5.0-beta01] AndroidManifest.xml:20:5-22:41
MERGED from [androidx.lifecycle:lifecycle-runtime:2.3.0] AndroidManifest.xml:20:5-22:41
MERGED from [androidx.lifecycle:lifecycle-runtime:2.3.0] AndroidManifest.xml:20:5-22:41
MERGED from [androidx.versionedparcelable:versionedparcelable:1.1.0] AndroidManifest.xml:20:5-22:41
MERGED from [androidx.versionedparcelable:versionedparcelable:1.1.0] AndroidManifest.xml:20:5-22:41
MERGED from [androidx.lifecycle:lifecycle-viewmodel-savedstate:2.3.0] AndroidManifest.xml:20:5-22:41
MERGED from [androidx.lifecycle:lifecycle-viewmodel-savedstate:2.3.0] AndroidManifest.xml:20:5-22:41
MERGED from [androidx.lifecycle:lifecycle-viewmodel:2.3.0] AndroidManifest.xml:20:5-22:41
MERGED from [androidx.lifecycle:lifecycle-viewmodel:2.3.0] AndroidManifest.xml:20:5-22:41
MERGED from [androidx.savedstate:savedstate:1.1.0] AndroidManifest.xml:20:5-22:41
MERGED from [androidx.savedstate:savedstate:1.1.0] AndroidManifest.xml:20:5-22:41
MERGED from [androidx.cursoradapter:cursoradapter:1.0.0] AndroidManifest.xml:20:5-44
MERGED from [androidx.cursoradapter:cursoradapter:1.0.0] AndroidManifest.xml:20:5-44
MERGED from [androidx.lifecycle:lifecycle-livedata:2.0.0] AndroidManifest.xml:20:5-44
MERGED from [androidx.lifecycle:lifecycle-livedata:2.0.0] AndroidManifest.xml:20:5-44
MERGED from [androidx.lifecycle:lifecycle-livedata-core:2.3.0] AndroidManifest.xml:20:5-22:41
MERGED from [androidx.lifecycle:lifecycle-livedata-core:2.3.0] AndroidManifest.xml:20:5-22:41
MERGED from [androidx.arch.core:core-runtime:2.1.0] AndroidManifest.xml:20:5-22:41
MERGED from [androidx.arch.core:core-runtime:2.1.0] AndroidManifest.xml:20:5-22:41
MERGED from [androidx.test.ext:junit-ktx:1.1.2] AndroidManifest.xml:20:5-22:41
MERGED from [androidx.test.ext:junit-ktx:1.1.2] AndroidManifest.xml:20:5-22:41
MERGED from [androidx.test.ext:junit:1.1.2] AndroidManifest.xml:20:5-22:41
MERGED from [androidx.test.ext:junit:1.1.2] AndroidManifest.xml:20:5-22:41
MERGED from [androidx.test:core:1.3.0] AndroidManifest.xml:20:5-22:41
MERGED from [androidx.test:core:1.3.0] AndroidManifest.xml:20:5-22:41
MERGED from [androidx.documentfile:documentfile:1.0.0] AndroidManifest.xml:20:5-44
MERGED from [androidx.documentfile:documentfile:1.0.0] AndroidManifest.xml:20:5-44
MERGED from [androidx.localbroadcastmanager:localbroadcastmanager:1.0.0] AndroidManifest.xml:20:5-44
MERGED from [androidx.localbroadcastmanager:localbroadcastmanager:1.0.0] AndroidManifest.xml:20:5-44
MERGED from [androidx.print:print:1.0.0] AndroidManifest.xml:20:5-44
MERGED from [androidx.print:print:1.0.0] AndroidManifest.xml:20:5-44
MERGED from [androidx.tracing:tracing:1.0.0] AndroidManifest.xml:20:5-22:41
MERGED from [androidx.tracing:tracing:1.0.0] AndroidManifest.xml:20:5-22:41
MERGED from [androidx.test:monitor:1.3.0] AndroidManifest.xml:20:5-22:41
MERGED from [androidx.test:monitor:1.3.0] AndroidManifest.xml:20:5-22:41
MERGED from [androidx.interpolator:interpolator:1.0.0] AndroidManifest.xml:20:5-44
MERGED from [androidx.interpolator:interpolator:1.0.0] AndroidManifest.xml:20:5-44
MERGED from [androidx.annotation:annotation-experimental:1.0.0] AndroidManifest.xml:20:5-22:41
MERGED from [androidx.annotation:annotation-experimental:1.0.0] AndroidManifest.xml:20:5-22:41
INJECTED from src/main/AndroidManifest.xml
INJECTED from src/main/AndroidManifest.xml
	android:targetSdkVersion
		INJECTED from src/main/AndroidManifest.xml
		ADDED from src/main/AndroidManifest.xml
		INJECTED from src/main/AndroidManifest.xml
	android:minSdkVersion
		INJECTED from src/main/AndroidManifest.xml
		ADDED from src/main/AndroidManifest.xml
		INJECTED from src/main/AndroidManifest.xml
activity#androidx.compose.ui.tooling.preview.PreviewActivity
ADDED from [androidx.compose.ui:ui-tooling:1.0.0-beta01] AndroidManifest.xml:25:9-27:39
	android:exported
		ADDED from [androidx.compose.ui:ui-tooling:1.0.0-beta01] AndroidManifest.xml:27:13-36
	android:name
		ADDED from [androidx.compose.ui:ui-tooling:1.0.0-beta01] AndroidManifest.xml:26:13-79
activity#androidx.compose.ui.tooling.data.TestActivity
ADDED from [androidx.compose.ui:ui-tooling-data:1.0.0-beta01] AndroidManifest.xml:25:9-82
	android:name
		ADDED from [androidx.compose.ui:ui-tooling-data:1.0.0-beta01] AndroidManifest.xml:25:19-79
uses-permission#android.permission.REORDER_TASKS
ADDED from [androidx.test:core:1.3.0] AndroidManifest.xml:24:5-72
	android:name
		ADDED from [androidx.test:core:1.3.0] AndroidManifest.xml:24:22-69
activity#androidx.test.core.app.InstrumentationActivityInvoker$BootstrapActivity
ADDED from [androidx.test:core:1.3.0] AndroidManifest.xml:27:9-33:20
	android:theme
		ADDED from [androidx.test:core:1.3.0] AndroidManifest.xml:29:13-49
	android:name
		ADDED from [androidx.test:core:1.3.0] AndroidManifest.xml:28:13-99
intent-filter#action:name:android.intent.action.MAIN
ADDED from [androidx.test:core:1.3.0] AndroidManifest.xml:30:13-32:29
activity#androidx.test.core.app.InstrumentationActivityInvoker$EmptyActivity
ADDED from [androidx.test:core:1.3.0] AndroidManifest.xml:34:9-40:20
	android:theme
		ADDED from [androidx.test:core:1.3.0] AndroidManifest.xml:36:13-49
	android:name
		ADDED from [androidx.test:core:1.3.0] AndroidManifest.xml:35:13-95
activity#androidx.test.core.app.InstrumentationActivityInvoker$EmptyFloatingActivity
ADDED from [androidx.test:core:1.3.0] AndroidManifest.xml:41:9-47:20
	android:theme
		ADDED from [androidx.test:core:1.3.0] AndroidManifest.xml:43:13-56
	android:name
		ADDED from [androidx.test:core:1.3.0] AndroidManifest.xml:42:13-103